<?xml version="1.0" encoding="UTF-8"?>
<!-- Generated by org.testng.reporters.JUnitReportReporter -->
<testsuite hostname="SCTL-BA-I3-14" failures="0" tests="3" name="in.dolna.qa.testcases.HomePageTestCases" time="66.252" errors="0" timestamp="02 Jan 2019 09:17:20 GMT" skipped="0">
  <testcase classname="in.dolna.qa.testcases.HomePageTestCases" name="verifyclickContactTest" time="23.295"/>
  <testcase classname="in.dolna.qa.testcases.HomePageTestCases" name="verifyHomePageTitleTest" time="22.367"/>
  <testcase classname="in.dolna.qa.testcases.HomePageTestCases" name="verifyUserTitleTest" time="20.590"/>
</testsuite> <!-- in.dolna.qa.testcases.HomePageTestCases -->
