<?xml version="1.0" encoding="UTF-8"?>
<!-- Generated by org.testng.reporters.JUnitReportReporter -->
<testsuite hostname="SCTL-BA-I3-14" failures="0" tests="1" name="in.dolna.qa.testcases.LoginPageTestCase" time="14.026" errors="0" timestamp="02 Jan 2019 09:17:20 GMT" skipped="0">
  <testcase classname="in.dolna.qa.testcases.LoginPageTestCase" name="loginPageTitleTest" time="14.026"/>
</testsuite> <!-- in.dolna.qa.testcases.LoginPageTestCase -->
