<?xml version="1.0" encoding="UTF-8"?>
<!-- Generated by org.testng.reporters.JUnitReportReporter -->
<testsuite hostname="SCTL-BA-I3-14" failures="0" tests="1" name="in.dolna.qa.testcases.ContactPageTestCase" time="19.798" errors="0" timestamp="02 Jan 2019 09:17:20 GMT" skipped="0">
  <testcase classname="in.dolna.qa.testcases.ContactPageTestCase" name="verifyTitleTest" time="19.798"/>
</testsuite> <!-- in.dolna.qa.testcases.ContactPageTestCase -->
